<?xml version="1.0" encoding="UTF-8" standalone="no"?>
<!DOCTYPE log SYSTEM "logger.dtd">
<log>
<record>
  <date>2019-05-16T14:54:22</date>
  <millis>1558040062719</millis>
  <sequence>0</sequence>
  <level>START</level>
  <class>com.kms.katalon.core.logging.XmlKeywordLogger</class>
  <method>startSuite</method>
  <thread>1</thread>
  <message>Start Test Suite : Test Suites/Fuse</message>
  <nestedLevel>0</nestedLevel>
  <property name="name">Fuse</property>
  <property name="description"></property>
  <property name="id">Test Suites/Fuse</property>
</record>
<record>
  <date>2019-05-16T14:54:22</date>
  <millis>1558040062734</millis>
  <sequence>1</sequence>
  <level>RUN_DATA</level>
  <class>com.kms.katalon.core.logging.XmlKeywordLogger</class>
  <method>logMessage</method>
  <thread>1</thread>
  <message>hostName = Clearlink - 10.1.77.209</message>
  <nestedLevel>0</nestedLevel>
  <property name="hostName">Clearlink - 10.1.77.209</property>
</record>
<record>
  <date>2019-05-16T14:54:22</date>
  <millis>1558040062735</millis>
  <sequence>2</sequence>
  <level>RUN_DATA</level>
  <class>com.kms.katalon.core.logging.XmlKeywordLogger</class>
  <method>logMessage</method>
  <thread>1</thread>
  <message>os = Mac OS X 64bit</message>
  <nestedLevel>0</nestedLevel>
  <property name="os">Mac OS X 64bit</property>
</record>
<record>
  <date>2019-05-16T14:54:22</date>
  <millis>1558040062735</millis>
  <sequence>3</sequence>
  <level>RUN_DATA</level>
  <class>com.kms.katalon.core.logging.XmlKeywordLogger</class>
  <method>logMessage</method>
  <thread>1</thread>
  <message>hostAddress = 10.1.77.209</message>
  <nestedLevel>0</nestedLevel>
  <property name="hostAddress">10.1.77.209</property>
</record>
<record>
  <date>2019-05-16T14:54:22</date>
  <millis>1558040062738</millis>
  <sequence>4</sequence>
  <level>RUN_DATA</level>
  <class>com.kms.katalon.core.logging.XmlKeywordLogger</class>
  <method>logMessage</method>
  <thread>1</thread>
  <message>katalonVersion = 6.1.5.3</message>
  <nestedLevel>0</nestedLevel>
  <property name="katalonVersion">6.1.5.3</property>
</record>
<record>
  <date>2019-05-16T14:54:22</date>
  <millis>1558040062871</millis>
  <sequence>5</sequence>
  <level>END</level>
  <class>com.kms.katalon.core.logging.XmlKeywordLogger</class>
  <method>endSuite</method>
  <thread>1</thread>
  <message>End Test Suite : Test Suites/Fuse</message>
  <nestedLevel>0</nestedLevel>
</record>
</log>
