<?xml version="1.0" encoding="UTF-8" standalone="no"?>
<!DOCTYPE log SYSTEM "logger.dtd">
<log>
<record>
  <date>2019-06-04T14:20:32</date>
  <millis>1559679632431</millis>
  <sequence>0</sequence>
  <level>START</level>
  <class>com.kms.katalon.core.logging.XmlKeywordLogger</class>
  <method>startSuite</method>
  <thread>1</thread>
  <message>Start Test Suite : Test Suites/Fuse Complete Orders</message>
  <nestedLevel>0</nestedLevel>
  <property name="name">Fuse Complete Orders</property>
  <property name="description"></property>
  <property name="id">Test Suites/Fuse Complete Orders</property>
</record>
<record>
  <date>2019-06-04T14:20:32</date>
  <millis>1559679632448</millis>
  <sequence>1</sequence>
  <level>RUN_DATA</level>
  <class>com.kms.katalon.core.logging.XmlKeywordLogger</class>
  <method>logMessage</method>
  <thread>1</thread>
  <message>hostName = Clearlink - 10.1.78.180</message>
  <nestedLevel>0</nestedLevel>
  <property name="hostName">Clearlink - 10.1.78.180</property>
</record>
<record>
  <date>2019-06-04T14:20:32</date>
  <millis>1559679632449</millis>
  <sequence>2</sequence>
  <level>RUN_DATA</level>
  <class>com.kms.katalon.core.logging.XmlKeywordLogger</class>
  <method>logMessage</method>
  <thread>1</thread>
  <message>os = Mac OS X 64bit</message>
  <nestedLevel>0</nestedLevel>
  <property name="os">Mac OS X 64bit</property>
</record>
<record>
  <date>2019-06-04T14:20:32</date>
  <millis>1559679632449</millis>
  <sequence>3</sequence>
  <level>RUN_DATA</level>
  <class>com.kms.katalon.core.logging.XmlKeywordLogger</class>
  <method>logMessage</method>
  <thread>1</thread>
  <message>hostAddress = 10.1.78.180</message>
  <nestedLevel>0</nestedLevel>
  <property name="hostAddress">10.1.78.180</property>
</record>
<record>
  <date>2019-06-04T14:20:32</date>
  <millis>1559679632450</millis>
  <sequence>4</sequence>
  <level>RUN_DATA</level>
  <class>com.kms.katalon.core.logging.XmlKeywordLogger</class>
  <method>logMessage</method>
  <thread>1</thread>
  <message>katalonVersion = 6.1.5.3</message>
  <nestedLevel>0</nestedLevel>
  <property name="katalonVersion">6.1.5.3</property>
</record>
<record>
  <date>2019-06-04T14:20:32</date>
  <millis>1559679632719</millis>
  <sequence>5</sequence>
  <level>START</level>
  <class>com.kms.katalon.core.logging.XmlKeywordLogger</class>
  <method>startTest</method>
  <thread>1</thread>
  <message>Start Test Case : Test Cases/Fuse/Encr</message>
  <nestedLevel>1</nestedLevel>
  <property name="name">Test Cases/Fuse/Encr</property>
  <property name="description"></property>
  <property name="id">Test Cases/Fuse/Encr</property>
  <property name="source">\\Users\\Clearlink\\git\\Fusetest\\Test Cases\\Fuse\\Encr.tc</property>
  <property name="tag"></property>
  <property name="isOptional">false</property>
</record>
<record>
  <date>2019-06-04T14:20:32</date>
  <millis>1559679632764</millis>
  <sequence>7</sequence>
  <level>INFO</level>
  <class>com.kms.katalon.core.logging.XmlKeywordLogger</class>
  <method>logMessage</method>
  <thread>1</thread>
  <message>Address1 = 592 E. Channel Dr.</message>
  <nestedLevel>1</nestedLevel>
</record>
<record>
  <date>2019-06-04T14:20:32</date>
  <millis>1559679632765</millis>
  <sequence>8</sequence>
  <level>INFO</level>
  <class>com.kms.katalon.core.logging.XmlKeywordLogger</class>
  <method>logMessage</method>
  <thread>1</thread>
  <message>firstname = Scott</message>
  <nestedLevel>1</nestedLevel>
</record>
<record>
  <date>2019-06-04T14:20:32</date>
  <millis>1559679632765</millis>
  <sequence>9</sequence>
  <level>INFO</level>
  <class>com.kms.katalon.core.logging.XmlKeywordLogger</class>
  <method>logMessage</method>
  <thread>1</thread>
  <message>lastname = Patterson</message>
  <nestedLevel>1</nestedLevel>
</record>
<record>
  <date>2019-06-04T14:20:32</date>
  <millis>1559679632766</millis>
  <sequence>10</sequence>
  <level>INFO</level>
  <class>com.kms.katalon.core.logging.XmlKeywordLogger</class>
  <method>logMessage</method>
  <thread>1</thread>
  <message>Canandazip = a1a1a1</message>
  <nestedLevel>1</nestedLevel>
</record>
<record>
  <date>2019-06-04T14:20:33</date>
  <millis>1559679633036</millis>
  <sequence>11</sequence>
  <level>START</level>
  <class>com.kms.katalon.core.logging.XmlKeywordLogger</class>
  <method>startKeyword</method>
  <thread>1</thread>
  <message>Start action : openBrowser(\&amp;quot;http://uatfuse.clearlink.com\&amp;quot;)</message>
  <nestedLevel>1</nestedLevel>
  <property name="startLine">16</property>
  <property name="stepIndex">1</property>
</record>
<record>
  <date>2019-06-04T14:20:33</date>
  <millis>1559679633361</millis>
  <sequence>13</sequence>
  <level>INFO</level>
  <class>com.kms.katalon.core.logging.XmlKeywordLogger</class>
  <method>logMessage</method>
  <thread>1</thread>
  <message>Starting &amp;apos;Firefox (headless)&amp;apos; driver</message>
  <nestedLevel>1</nestedLevel>
</record>
<record>
  <date>2019-06-04T14:20:33</date>
  <millis>1559679633505</millis>
  <sequence>14</sequence>
  <level>INFO</level>
  <class>com.kms.katalon.core.logging.XmlKeywordLogger</class>
  <method>logMessage</method>
  <thread>1</thread>
  <message>Action delay is set to 0 seconds</message>
  <nestedLevel>1</nestedLevel>
</record>
</log>
